<?xml version="1.0" encoding="UTF-8" standalone="no"?>
<!DOCTYPE report PUBLIC "-//JACOCO//DTD Report 1.1//EN" "report.dtd"[]>
<report name="Pester (03/15/2023 02:36:58)">
  <sessioninfo id="this" start="1678847803346" dump="1678847818006" />
  <package name="4.0.1.2">
    <class name="4.0.1.2/Logger" sourcefilename="Logger.psm1">
      <method name="Log" desc="()" line="56">
        <counter type="INSTRUCTION" missed="0" covered="13" />
        <counter type="LINE" missed="0" covered="13" />
        <counter type="METHOD" missed="0" covered="1" />
      </method>
      <method name="TestAndRollOver" desc="()" line="99">
        <counter type="INSTRUCTION" missed="0" covered="13" />
        <counter type="LINE" missed="0" covered="13" />
        <counter type="METHOD" missed="0" covered="1" />
      </method>
      <method name="Write" desc="()" line="142">
        <counter type="INSTRUCTION" missed="0" covered="24" />
        <counter type="LINE" missed="0" covered="24" />
        <counter type="METHOD" missed="0" covered="1" />
      </method>
      <method name="NewLogLine" desc="()" line="248">
        <counter type="INSTRUCTION" missed="0" covered="21" />
        <counter type="LINE" missed="0" covered="21" />
        <counter type="METHOD" missed="0" covered="1" />
      </method>
      <method name="Logger" desc="()" line="397">
        <counter type="INSTRUCTION" missed="0" covered="3" />
        <counter type="LINE" missed="0" covered="3" />
        <counter type="METHOD" missed="0" covered="1" />
      </method>
      <method name="Setup" desc="()" line="410">
        <counter type="INSTRUCTION" missed="0" covered="9" />
        <counter type="LINE" missed="0" covered="9" />
        <counter type="METHOD" missed="0" covered="1" />
      </method>
      <method name="Information" desc="()" line="471">
        <counter type="INSTRUCTION" missed="0" covered="2" />
        <counter type="LINE" missed="0" covered="2" />
        <counter type="METHOD" missed="0" covered="1" />
      </method>
      <method name="Warning" desc="()" line="480">
        <counter type="INSTRUCTION" missed="0" covered="2" />
        <counter type="LINE" missed="0" covered="2" />
        <counter type="METHOD" missed="0" covered="1" />
      </method>
      <method name="Error" desc="()" line="489">
        <counter type="INSTRUCTION" missed="0" covered="2" />
        <counter type="LINE" missed="0" covered="2" />
        <counter type="METHOD" missed="0" covered="1" />
      </method>
      <method name="Verbose" desc="()" line="498">
        <counter type="INSTRUCTION" missed="0" covered="2" />
        <counter type="LINE" missed="0" covered="2" />
        <counter type="METHOD" missed="0" covered="1" />
      </method>
      <method name="Get" desc="()" line="564">
        <counter type="INSTRUCTION" missed="0" covered="2" />
        <counter type="LINE" missed="0" covered="2" />
        <counter type="METHOD" missed="0" covered="1" />
      </method>
      <method name="ClearCalls" desc="()" line="585">
        <counter type="INSTRUCTION" missed="0" covered="1" />
        <counter type="LINE" missed="0" covered="1" />
        <counter type="METHOD" missed="0" covered="1" />
      </method>
      <method name="GetCalls" desc="()" line="591">
        <counter type="INSTRUCTION" missed="0" covered="6" />
        <counter type="LINE" missed="0" covered="6" />
        <counter type="METHOD" missed="0" covered="1" />
      </method>
      <method name="GetCall" desc="()" line="615">
        <counter type="INSTRUCTION" missed="0" covered="1" />
        <counter type="LINE" missed="0" covered="1" />
        <counter type="METHOD" missed="0" covered="1" />
      </method>
      <method name="GetCallName" desc="()" line="621">
        <counter type="INSTRUCTION" missed="0" covered="2" />
        <counter type="LINE" missed="0" covered="2" />
        <counter type="METHOD" missed="0" covered="1" />
      </method>
      <method name="GetFamilies" desc="()" line="632">
        <counter type="INSTRUCTION" missed="0" covered="12" />
        <counter type="LINE" missed="0" covered="12" />
        <counter type="METHOD" missed="0" covered="1" />
      </method>
      <method name="CreatePath" desc="()" line="680">
        <counter type="INSTRUCTION" missed="0" covered="5" />
        <counter type="LINE" missed="0" covered="5" />
        <counter type="METHOD" missed="0" covered="1" />
      </method>
      <method name="GetLog" desc="()" line="699">
        <counter type="INSTRUCTION" missed="0" covered="4" />
        <counter type="LINE" missed="0" covered="4" />
        <counter type="METHOD" missed="0" covered="1" />
      </method>
      <method name="GetFamilyPath" desc="()" line="721">
        <counter type="INSTRUCTION" missed="0" covered="6" />
        <counter type="LINE" missed="0" covered="6" />
        <counter type="METHOD" missed="0" covered="1" />
      </method>
      <method name="Family" desc="()" line="741">
        <counter type="INSTRUCTION" missed="0" covered="6" />
        <counter type="LINE" missed="0" covered="6" />
        <counter type="METHOD" missed="0" covered="1" />
      </method>
      <counter type="INSTRUCTION" missed="0" covered="136" />
      <counter type="LINE" missed="0" covered="136" />
      <counter type="METHOD" missed="0" covered="20" />
      <counter type="CLASS" missed="0" covered="1" />
    </class>
    <sourcefile name="Logger.psm1">
      <line nr="56" mi="0" ci="1" mb="0" cb="0" />
      <line nr="58" mi="0" ci="1" mb="0" cb="0" />
      <line nr="63" mi="0" ci="1" mb="0" cb="0" />
      <line nr="65" mi="0" ci="1" mb="0" cb="0" />
      <line nr="67" mi="0" ci="1" mb="0" cb="0" />
      <line nr="71" mi="0" ci="1" mb="0" cb="0" />
      <line nr="74" mi="0" ci="1" mb="0" cb="0" />
      <line nr="77" mi="0" ci="1" mb="0" cb="0" />
      <line nr="79" mi="0" ci="1" mb="0" cb="0" />
      <line nr="83" mi="0" ci="1" mb="0" cb="0" />
      <line nr="85" mi="0" ci="1" mb="0" cb="0" />
      <line nr="88" mi="0" ci="1" mb="0" cb="0" />
      <line nr="90" mi="0" ci="1" mb="0" cb="0" />
      <line nr="99" mi="0" ci="1" mb="0" cb="0" />
      <line nr="101" mi="0" ci="1" mb="0" cb="0" />
      <line nr="104" mi="0" ci="1" mb="0" cb="0" />
      <line nr="105" mi="0" ci="1" mb="0" cb="0" />
      <line nr="111" mi="0" ci="1" mb="0" cb="0" />
      <line nr="113" mi="0" ci="1" mb="0" cb="0" />
      <line nr="116" mi="0" ci="1" mb="0" cb="0" />
      <line nr="118" mi="0" ci="1" mb="0" cb="0" />
      <line nr="121" mi="0" ci="1" mb="0" cb="0" />
      <line nr="122" mi="0" ci="1" mb="0" cb="0" />
      <line nr="126" mi="0" ci="1" mb="0" cb="0" />
      <line nr="130" mi="0" ci="1" mb="0" cb="0" />
      <line nr="132" mi="0" ci="1" mb="0" cb="0" />
      <line nr="142" mi="0" ci="1" mb="0" cb="0" />
      <line nr="150" mi="0" ci="1" mb="0" cb="0" />
      <line nr="152" mi="0" ci="1" mb="0" cb="0" />
      <line nr="161" mi="0" ci="1" mb="0" cb="0" />
      <line nr="165" mi="0" ci="1" mb="0" cb="0" />
      <line nr="169" mi="0" ci="1" mb="0" cb="0" />
      <line nr="171" mi="0" ci="1" mb="0" cb="0" />
      <line nr="174" mi="0" ci="1" mb="0" cb="0" />
      <line nr="184" mi="0" ci="1" mb="0" cb="0" />
      <line nr="186" mi="0" ci="1" mb="0" cb="0" />
      <line nr="190" mi="0" ci="1" mb="0" cb="0" />
      <line nr="192" mi="0" ci="1" mb="0" cb="0" />
      <line nr="195" mi="0" ci="1" mb="0" cb="0" />
      <line nr="197" mi="0" ci="1" mb="0" cb="0" />
      <line nr="200" mi="0" ci="1" mb="0" cb="0" />
      <line nr="203" mi="0" ci="1" mb="0" cb="0" />
      <line nr="212" mi="0" ci="1" mb="0" cb="0" />
      <line nr="215" mi="0" ci="1" mb="0" cb="0" />
      <line nr="219" mi="0" ci="1" mb="0" cb="0" />
      <line nr="221" mi="0" ci="1" mb="0" cb="0" />
      <line nr="224" mi="0" ci="1" mb="0" cb="0" />
      <line nr="225" mi="0" ci="1" mb="0" cb="0" />
      <line nr="235" mi="0" ci="1" mb="0" cb="0" />
      <line nr="237" mi="0" ci="1" mb="0" cb="0" />
      <line nr="248" mi="0" ci="1" mb="0" cb="0" />
      <line nr="250" mi="0" ci="1" mb="0" cb="0" />
      <line nr="253" mi="0" ci="1" mb="0" cb="0" />
      <line nr="255" mi="0" ci="1" mb="0" cb="0" />
      <line nr="256" mi="0" ci="1" mb="0" cb="0" />
      <line nr="264" mi="0" ci="1" mb="0" cb="0" />
      <line nr="269" mi="0" ci="1" mb="0" cb="0" />
      <line nr="275" mi="0" ci="1" mb="0" cb="0" />
      <line nr="289" mi="0" ci="1" mb="0" cb="0" />
      <line nr="297" mi="0" ci="1" mb="0" cb="0" />
      <line nr="300" mi="0" ci="1" mb="0" cb="0" />
      <line nr="312" mi="0" ci="1" mb="0" cb="0" />
      <line nr="320" mi="0" ci="1" mb="0" cb="0" />
      <line nr="334" mi="0" ci="1" mb="0" cb="0" />
      <line nr="342" mi="0" ci="1" mb="0" cb="0" />
      <line nr="345" mi="0" ci="1" mb="0" cb="0" />
      <line nr="349" mi="0" ci="1" mb="0" cb="0" />
      <line nr="358" mi="0" ci="1" mb="0" cb="0" />
      <line nr="361" mi="0" ci="1" mb="0" cb="0" />
      <line nr="368" mi="0" ci="1" mb="0" cb="0" />
      <line nr="373" mi="0" ci="1" mb="0" cb="0" />
      <line nr="397" mi="0" ci="1" mb="0" cb="0" />
      <line nr="400" mi="0" ci="1" mb="0" cb="0" />
      <line nr="402" mi="0" ci="1" mb="0" cb="0" />
      <line nr="410" mi="0" ci="1" mb="0" cb="0" />
      <line nr="418" mi="0" ci="1" mb="0" cb="0" />
      <line nr="428" mi="0" ci="1" mb="0" cb="0" />
      <line nr="440" mi="0" ci="1" mb="0" cb="0" />
      <line nr="454" mi="0" ci="1" mb="0" cb="0" />
      <line nr="458" mi="0" ci="1" mb="0" cb="0" />
      <line nr="460" mi="0" ci="1" mb="0" cb="0" />
      <line nr="462" mi="0" ci="1" mb="0" cb="0" />
      <line nr="464" mi="0" ci="1" mb="0" cb="0" />
      <line nr="471" mi="0" ci="1" mb="0" cb="0" />
      <line nr="480" mi="0" ci="1" mb="0" cb="0" />
      <line nr="489" mi="0" ci="1" mb="0" cb="0" />
      <line nr="498" mi="0" ci="1" mb="0" cb="0" />
      <line nr="510" mi="0" ci="1" mb="0" cb="0" />
      <line nr="523" mi="0" ci="1" mb="0" cb="0" />
      <line nr="536" mi="0" ci="1" mb="0" cb="0" />
      <line nr="549" mi="0" ci="1" mb="0" cb="0" />
      <line nr="564" mi="0" ci="1" mb="0" cb="0" />
      <line nr="572" mi="0" ci="1" mb="0" cb="0" />
      <line nr="585" mi="0" ci="1" mb="0" cb="0" />
      <line nr="591" mi="0" ci="1" mb="0" cb="0" />
      <line nr="594" mi="0" ci="1" mb="0" cb="0" />
      <line nr="596" mi="0" ci="1" mb="0" cb="0" />
      <line nr="603" mi="0" ci="1" mb="0" cb="0" />
      <line nr="605" mi="0" ci="1" mb="0" cb="0" />
      <line nr="610" mi="0" ci="1" mb="0" cb="0" />
      <line nr="615" mi="0" ci="1" mb="0" cb="0" />
      <line nr="621" mi="0" ci="1" mb="0" cb="0" />
      <line nr="622" mi="0" ci="1" mb="0" cb="0" />
      <line nr="632" mi="0" ci="1" mb="0" cb="0" />
      <line nr="633" mi="0" ci="1" mb="0" cb="0" />
      <line nr="641" mi="0" ci="1" mb="0" cb="0" />
      <line nr="647" mi="0" ci="1" mb="0" cb="0" />
      <line nr="649" mi="0" ci="1" mb="0" cb="0" />
      <line nr="652" mi="0" ci="1" mb="0" cb="0" />
      <line nr="654" mi="0" ci="1" mb="0" cb="0" />
      <line nr="655" mi="0" ci="1" mb="0" cb="0" />
      <line nr="658" mi="0" ci="1" mb="0" cb="0" />
      <line nr="659" mi="0" ci="1" mb="0" cb="0" />
      <line nr="662" mi="0" ci="1" mb="0" cb="0" />
      <line nr="665" mi="0" ci="1" mb="0" cb="0" />
      <line nr="680" mi="0" ci="1" mb="0" cb="0" />
      <line nr="682" mi="0" ci="1" mb="0" cb="0" />
      <line nr="684" mi="0" ci="1" mb="0" cb="0" />
      <line nr="686" mi="0" ci="1" mb="0" cb="0" />
      <line nr="688" mi="0" ci="1" mb="0" cb="0" />
      <line nr="699" mi="0" ci="1" mb="0" cb="0" />
      <line nr="703" mi="0" ci="1" mb="0" cb="0" />
      <line nr="711" mi="0" ci="1" mb="0" cb="0" />
      <line nr="714" mi="0" ci="1" mb="0" cb="0" />
      <line nr="721" mi="0" ci="1" mb="0" cb="0" />
      <line nr="726" mi="0" ci="1" mb="0" cb="0" />
      <line nr="728" mi="0" ci="1" mb="0" cb="0" />
      <line nr="730" mi="0" ci="1" mb="0" cb="0" />
      <line nr="733" mi="0" ci="1" mb="0" cb="0" />
      <line nr="735" mi="0" ci="1" mb="0" cb="0" />
      <line nr="741" mi="0" ci="1" mb="0" cb="0" />
      <line nr="746" mi="0" ci="1" mb="0" cb="0" />
      <line nr="752" mi="0" ci="1" mb="0" cb="0" />
      <line nr="754" mi="0" ci="1" mb="0" cb="0" />
      <line nr="766" mi="0" ci="1" mb="0" cb="0" />
      <line nr="768" mi="0" ci="1" mb="0" cb="0" />
      <counter type="INSTRUCTION" missed="0" covered="136" />
      <counter type="LINE" missed="0" covered="136" />
      <counter type="METHOD" missed="0" covered="20" />
      <counter type="CLASS" missed="0" covered="1" />
    </sourcefile>
    <counter type="INSTRUCTION" missed="0" covered="136" />
    <counter type="LINE" missed="0" covered="136" />
    <counter type="METHOD" missed="0" covered="20" />
    <counter type="CLASS" missed="0" covered="1" />
  </package>
  <counter type="INSTRUCTION" missed="0" covered="136" />
  <counter type="LINE" missed="0" covered="136" />
  <counter type="METHOD" missed="0" covered="20" />
  <counter type="CLASS" missed="0" covered="1" />
</report>
